<?xml version="1.0" encoding="UTF-8"?>
<!-- Generated by org.testng.reporters.JUnitXMLReporter -->
<testsuite ignored="0" hostname="DESKTOP-B8RRQTJ" failures="0" tests="3" name="Compra Test" time="15.464" errors="0" timestamp="2022-02-06T20:00:15 CST">
  <testcase classname="dev.elementslearning.FlujoCompra" name="login" time="6.415"/>
  <testcase classname="dev.elementslearning.FlujoCompra" name="comprar" time="7.455"/>
  <testcase classname="dev.elementslearning.FlujoCompra" name="salir" time="0.718"/>
</testsuite> <!-- Compra Test -->
