<?xml version="1.0" encoding="UTF-8"?>
<!-- Generated by org.testng.reporters.JUnitXMLReporter -->
<testsuite ignored="0" hostname="DESKTOP-B8RRQTJ" failures="0" tests="3" name="Registro test" time="22.79" errors="0" timestamp="2022-02-06T19:59:59 CST">
  <testcase classname="dev.elementslearning.Flujo" name="reg" time="15.183"/>
  <testcase classname="dev.elementslearning.Flujo" name="salir" time="0.751"/>
  <testcase classname="dev.elementslearning.Flujo" name="login" time="5.136"/>
</testsuite> <!-- Registro test -->
