<?xml version="1.0" encoding="UTF-8"?>
<!-- Generated by org.testng.reporters.JUnitXMLReporter -->
<testsuite ignored="0" hostname="DESKTOP-B8RRQTJ" failures="0" tests="3" name="Compra Test" time="14.421" errors="0" timestamp="2022-02-06T19:06:55 CST">
  <testcase classname="dev.elementslearning.FlujoCompra" name="login" time="5.549"/>
  <testcase classname="dev.elementslearning.FlujoCompra" name="comprar" time="7.298"/>
  <testcase classname="dev.elementslearning.FlujoCompra" name="salir" time="0.692"/>
</testsuite> <!-- Compra Test -->
