<?xml version="1.0" encoding="UTF-8"?>
<!-- Generated by org.testng.reporters.JUnitXMLReporter -->
<testsuite ignored="0" hostname="DESKTOP-B8RRQTJ" failures="1" tests="3" name="Registro test" time="22.515" errors="0" timestamp="2022-02-06T19:06:41 CST">
  <testcase classname="dev.elementslearning.Flujo" name="reg" time="14.712">
    <failure type="java.lang.AssertionError" message="Registro incorrecto expected [Your Account Has Been Created!] but found [My Account Information]">
      <![CDATA[java.lang.AssertionError: Registro incorrecto expected [Your Account Has Been Created!] but found [My Account Information]
at dev.elementslearning.Registro.sesion(Registro.java:79)
at dev.elementslearning.Flujo.reg(Flujo.java:11)
at java.base/java.util.ArrayList.forEach(ArrayList.java:1511)
... Removed 32 stack frames]]>
    </failure>
  </testcase> <!-- reg -->
  <testcase classname="dev.elementslearning.Flujo" name="salir" time="0.925"/>
  <testcase classname="dev.elementslearning.Flujo" name="login" time="5.22"/>
</testsuite> <!-- Registro test -->
