<?xml version="1.0" encoding="UTF-8"?>
<testng-results ignored="0" total="6" passed="6" failed="0" skipped="0">
  <reporter-output>
  </reporter-output>
  <suite started-at="2022-02-06T19:59:36 CST" name="Tests" finished-at="2022-02-06T20:00:15 CST" duration-ms="38264">
    <groups>
    </groups>
    <test started-at="2022-02-06T19:59:36 CST" name="Registro test" finished-at="2022-02-06T19:59:59 CST" duration-ms="22790">
      <class name="dev.elementslearning.Flujo">
        <test-method is-config="true" signature="navegador()[pri:0, instance:dev.elementslearning.Flujo@1725dc0f]" started-at="2022-02-06T19:59:36 CST" name="navegador" finished-at="2022-02-06T19:59:38 CST" duration-ms="1577" status="PASS">
          <reporter-output>
          </reporter-output>
        </test-method> <!-- navegador -->
        <test-method signature="reg()[pri:1, instance:dev.elementslearning.Flujo@1725dc0f]" started-at="2022-02-06T19:59:38 CST" name="reg" finished-at="2022-02-06T19:59:53 CST" duration-ms="15183" status="PASS">
          <reporter-output>
          </reporter-output>
        </test-method> <!-- reg -->
        <test-method signature="salir()[pri:2, instance:dev.elementslearning.Flujo@1725dc0f]" started-at="2022-02-06T19:59:53 CST" name="salir" finished-at="2022-02-06T19:59:54 CST" duration-ms="751" status="PASS">
          <reporter-output>
          </reporter-output>
        </test-method> <!-- salir -->
        <test-method signature="login()[pri:3, instance:dev.elementslearning.Flujo@1725dc0f]" started-at="2022-02-06T19:59:54 CST" name="login" finished-at="2022-02-06T19:59:59 CST" duration-ms="5136" status="PASS">
          <reporter-output>
          </reporter-output>
        </test-method> <!-- login -->
        <test-method is-config="true" signature="tearDown()[pri:0, instance:dev.elementslearning.Flujo@1725dc0f]" started-at="2022-02-06T19:59:59 CST" name="tearDown" finished-at="2022-02-06T19:59:59 CST" duration-ms="123" status="PASS">
          <reporter-output>
          </reporter-output>
        </test-method> <!-- tearDown -->
      </class> <!-- dev.elementslearning.Flujo -->
    </test> <!-- Registro test -->
    <test started-at="2022-02-06T19:59:59 CST" name="Compra Test" finished-at="2022-02-06T20:00:15 CST" duration-ms="15464">
      <class name="dev.elementslearning.FlujoCompra">
        <test-method is-config="true" signature="navegador()[pri:0, instance:dev.elementslearning.FlujoCompra@61862a7f]" started-at="2022-02-06T19:59:59 CST" name="navegador" finished-at="2022-02-06T20:00:00 CST" duration-ms="736" status="PASS">
          <reporter-output>
          </reporter-output>
        </test-method> <!-- navegador -->
        <test-method signature="login()[pri:1, instance:dev.elementslearning.FlujoCompra@61862a7f]" started-at="2022-02-06T20:00:00 CST" name="login" finished-at="2022-02-06T20:00:06 CST" duration-ms="6415" status="PASS">
          <reporter-output>
          </reporter-output>
        </test-method> <!-- login -->
        <test-method signature="comprar()[pri:2, instance:dev.elementslearning.FlujoCompra@61862a7f]" started-at="2022-02-06T20:00:06 CST" name="comprar" finished-at="2022-02-06T20:00:14 CST" duration-ms="7455" status="PASS">
          <reporter-output>
          </reporter-output>
        </test-method> <!-- comprar -->
        <test-method signature="salir()[pri:3, instance:dev.elementslearning.FlujoCompra@61862a7f]" started-at="2022-02-06T20:00:14 CST" name="salir" finished-at="2022-02-06T20:00:15 CST" duration-ms="718" status="PASS">
          <reporter-output>
          </reporter-output>
        </test-method> <!-- salir -->
        <test-method is-config="true" signature="tearDown()[pri:0, instance:dev.elementslearning.FlujoCompra@61862a7f]" started-at="2022-02-06T20:00:15 CST" name="tearDown" finished-at="2022-02-06T20:00:15 CST" duration-ms="138" status="PASS">
          <reporter-output>
          </reporter-output>
        </test-method> <!-- tearDown -->
      </class> <!-- dev.elementslearning.FlujoCompra -->
    </test> <!-- Compra Test -->
  </suite> <!-- Tests -->
</testng-results>
